<article>

<legaldoc>

<awapara>
The court staff managing social media profiles must ensure that the posted content is reaching the general public, and does not undermine the integrity of the judiciary.Ultimately, this paper will conclude that although the use of social media can be challenging for the courts, the increased public confidence in the judiciary that it can yield is needed, and we suggest a novel method.
</awapara>

</legaldoc>

</article>
