<article>

<body>

<awapara>

Being the same age, I felt that they might share similar thoughts and experience, and that I could arouse students' interest in reading the poem while studying the language items.


</awapara>


</body>

</article>



